1583439013576:REGISTER faizan
1583439329606:quit
1583440395557:exit
1583441419538:REGISTER faizan
1583441465144:REGISTER f
1583442839041:REGISTER a
1583442965249:REGISTER faizan
1583443079249:REGISTER f
1583443291762:REGISTER fa
1583443376351:REGISTER a
1583443475072:REGISTER f
1583443817279:REGISTER a
1583444223249:REGISTER fa
1583444404349:REGISTER a
1583444636706:get-user a
1583444954512:REGISTER a
1583445034342:get-user a
1583445043669:REGISTER a
1583445375917:help
1583445782582:REGISTER a
1583446592577:help
